Resampled and Cropped Patient: CHUM-001
Resampled and Cropped Patient: CHUM-002
Resampled and Cropped Patient: CHUM-006
Resampled and Cropped Patient: CHUM-007
Resampled and Cropped Patient: CHUM-008
Resampled and Cropped Patient: CHUM-010
Resampled and Cropped Patient: CHUM-011
Resampled and Cropped Patient: CHUM-012
Resampled and Cropped Patient: CHUM-013
Resampled and Cropped Patient: CHUM-014
Resampled and Cropped Patient: CHUM-015
Resampled and Cropped Patient: CHUM-016
Resampled and Cropped Patient: CHUM-017
Resampled and Cropped Patient: CHUM-018
Resampled and Cropped Patient: CHUM-019
Resampled and Cropped Patient: CHUM-021
Resampled and Cropped Patient: CHUM-022
Resampled and Cropped Patient: CHUM-023
Resampled and Cropped Patient: CHUM-024
Resampled and Cropped Patient: CHUM-026
Resampled and Cropped Patient: CHUM-027
Resampled and Cropped Patient: CHUM-029
Resampled and Cropped Patient: CHUM-030
Resampled and Cropped Patient: CHUM-032
Resampled and Cropped Patient: CHUM-033
Resampled and Cropped Patient: CHUM-034
Resampled and Cropped Patient: CHUM-035
Resampled and Cropped Patient: CHUM-036
Resampled and Cropped Patient: CHUM-037
Resampled and Cropped Patient: CHUM-038
Resampled and Cropped Patient: CHUM-039
Resampled and Cropped Patient: CHUM-040
Resampled and Cropped Patient: CHUM-041
Resampled and Cropped Patient: CHUM-042
Resampled and Cropped Patient: CHUM-043
Resampled and Cropped Patient: CHUM-044
Resampled and Cropped Patient: CHUM-045
Resampled and Cropped Patient: CHUM-046
Resampled and Cropped Patient: CHUM-047
Resampled and Cropped Patient: CHUM-048
Resampled and Cropped Patient: CHUM-049
Resampled and Cropped Patient: CHUM-050
Resampled and Cropped Patient: CHUM-051
Resampled and Cropped Patient: CHUM-053
Resampled and Cropped Patient: CHUM-054
Resampled and Cropped Patient: CHUM-055
Resampled and Cropped Patient: CHUM-056
Resampled and Cropped Patient: CHUM-057
Resampled and Cropped Patient: CHUM-058
Resampled and Cropped Patient: CHUM-059
Resampled and Cropped Patient: CHUM-060
Resampled and Cropped Patient: CHUM-061
Resampled and Cropped Patient: CHUM-062
Resampled and Cropped Patient: CHUM-063
Resampled and Cropped Patient: CHUM-064
Resampled and Cropped Patient: CHUM-065
Resampled and Cropped Patient: CHUP-000
Resampled and Cropped Patient: CHUP-001
Resampled and Cropped Patient: CHUP-002
Resampled and Cropped Patient: CHUP-003
Resampled and Cropped Patient: CHUP-004
Resampled and Cropped Patient: CHUP-005
Resampled and Cropped Patient: CHUP-006
Resampled and Cropped Patient: CHUP-007
Resampled and Cropped Patient: CHUP-008
Resampled and Cropped Patient: CHUP-009
Resampled and Cropped Patient: CHUP-010
Resampled and Cropped Patient: CHUP-011
Resampled and Cropped Patient: CHUP-012
Resampled and Cropped Patient: CHUP-013
Resampled and Cropped Patient: CHUP-015
Resampled and Cropped Patient: CHUP-016
Resampled and Cropped Patient: CHUP-017
Resampled and Cropped Patient: CHUP-018
Resampled and Cropped Patient: CHUP-019
Resampled and Cropped Patient: CHUP-020
Resampled and Cropped Patient: CHUP-022
Resampled and Cropped Patient: CHUP-023
Resampled and Cropped Patient: CHUP-024
Resampled and Cropped Patient: CHUP-025
Resampled and Cropped Patient: CHUP-026
Resampled and Cropped Patient: CHUP-027
Resampled and Cropped Patient: CHUP-028
Resampled and Cropped Patient: CHUP-029
Resampled and Cropped Patient: CHUP-030
Resampled and Cropped Patient: CHUP-032
Resampled and Cropped Patient: CHUP-033
Resampled and Cropped Patient: CHUP-034
Resampled and Cropped Patient: CHUP-035
Resampled and Cropped Patient: CHUP-036
Resampled and Cropped Patient: CHUP-037
Resampled and Cropped Patient: CHUP-038
Resampled and Cropped Patient: CHUP-039
Resampled and Cropped Patient: CHUP-040
Resampled and Cropped Patient: CHUP-041
Resampled and Cropped Patient: CHUP-042
Resampled and Cropped Patient: CHUP-043
Resampled and Cropped Patient: CHUP-044
Resampled and Cropped Patient: CHUP-046
Resampled and Cropped Patient: CHUP-047
Resampled and Cropped Patient: CHUP-048
Resampled and Cropped Patient: CHUP-049
Resampled and Cropped Patient: CHUP-050
Resampled and Cropped Patient: CHUP-051
Resampled and Cropped Patient: CHUP-052
Resampled and Cropped Patient: CHUP-053
Resampled and Cropped Patient: CHUP-054
Resampled and Cropped Patient: CHUP-055
Resampled and Cropped Patient: CHUP-056
Resampled and Cropped Patient: CHUP-057
Resampled and Cropped Patient: CHUP-058
Resampled and Cropped Patient: CHUP-059
Resampled and Cropped Patient: CHUP-060
Resampled and Cropped Patient: CHUP-061
Resampled and Cropped Patient: CHUP-062
Resampled and Cropped Patient: CHUP-063
Resampled and Cropped Patient: CHUP-064
Resampled and Cropped Patient: CHUP-065
Resampled and Cropped Patient: CHUP-066
Resampled and Cropped Patient: CHUP-067
Resampled and Cropped Patient: CHUP-068
Resampled and Cropped Patient: CHUP-069
Resampled and Cropped Patient: CHUP-070
Resampled and Cropped Patient: CHUP-071
Resampled and Cropped Patient: CHUP-072
Resampled and Cropped Patient: CHUP-073
Resampled and Cropped Patient: CHUP-074
Resampled and Cropped Patient: CHUP-075
Resampled and Cropped Patient: CHUS-003
Resampled and Cropped Patient: CHUS-004
Resampled and Cropped Patient: CHUS-005
Resampled and Cropped Patient: CHUS-006
Resampled and Cropped Patient: CHUS-007
Resampled and Cropped Patient: CHUS-008
Resampled and Cropped Patient: CHUS-009
Resampled and Cropped Patient: CHUS-010
Resampled and Cropped Patient: CHUS-013
Resampled and Cropped Patient: CHUS-015
Resampled and Cropped Patient: CHUS-016
Resampled and Cropped Patient: CHUS-019
Resampled and Cropped Patient: CHUS-020
Resampled and Cropped Patient: CHUS-021
Resampled and Cropped Patient: CHUS-022
Resampled and Cropped Patient: CHUS-026
Resampled and Cropped Patient: CHUS-027
Resampled and Cropped Patient: CHUS-028
Resampled and Cropped Patient: CHUS-030
Resampled and Cropped Patient: CHUS-031
Resampled and Cropped Patient: CHUS-033
Resampled and Cropped Patient: CHUS-035
Resampled and Cropped Patient: CHUS-036
Resampled and Cropped Patient: CHUS-038
Resampled and Cropped Patient: CHUS-039
Resampled and Cropped Patient: CHUS-040
Resampled and Cropped Patient: CHUS-041
Resampled and Cropped Patient: CHUS-042
Resampled and Cropped Patient: CHUS-043
Resampled and Cropped Patient: CHUS-045
Resampled and Cropped Patient: CHUS-046
Resampled and Cropped Patient: CHUS-047
Resampled and Cropped Patient: CHUS-048
Resampled and Cropped Patient: CHUS-049
Resampled and Cropped Patient: CHUS-050
Resampled and Cropped Patient: CHUS-051
Resampled and Cropped Patient: CHUS-052
Resampled and Cropped Patient: CHUS-053
Resampled and Cropped Patient: CHUS-055
Resampled and Cropped Patient: CHUS-056
Resampled and Cropped Patient: CHUS-057
Resampled and Cropped Patient: CHUS-058
Resampled and Cropped Patient: CHUS-060
Resampled and Cropped Patient: CHUS-061
Resampled and Cropped Patient: CHUS-064
Resampled and Cropped Patient: CHUS-065
Resampled and Cropped Patient: CHUS-066
Resampled and Cropped Patient: CHUS-067
Resampled and Cropped Patient: CHUS-068
Resampled and Cropped Patient: CHUS-069
Resampled and Cropped Patient: CHUS-073
Resampled and Cropped Patient: CHUS-074
Resampled and Cropped Patient: CHUS-076
Resampled and Cropped Patient: CHUS-077
Resampled and Cropped Patient: CHUS-078
Resampled and Cropped Patient: CHUS-080
Resampled and Cropped Patient: CHUS-081
Resampled and Cropped Patient: CHUS-083
Resampled and Cropped Patient: CHUS-085
Resampled and Cropped Patient: CHUS-086
Resampled and Cropped Patient: CHUS-087
Resampled and Cropped Patient: CHUS-088
Resampled and Cropped Patient: CHUS-089
Resampled and Cropped Patient: CHUS-090
Resampled and Cropped Patient: CHUS-091
Resampled and Cropped Patient: CHUS-094
Resampled and Cropped Patient: CHUS-095
Resampled and Cropped Patient: CHUS-096
Resampled and Cropped Patient: CHUS-097
Resampled and Cropped Patient: CHUS-098
Resampled and Cropped Patient: CHUS-100
Resampled and Cropped Patient: CHUS-101
Resampled and Cropped Patient: CHUV-001
Resampled and Cropped Patient: CHUV-002
Resampled and Cropped Patient: CHUV-003
Resampled and Cropped Patient: CHUV-004
Resampled and Cropped Patient: CHUV-005
Resampled and Cropped Patient: CHUV-006
Resampled and Cropped Patient: CHUV-007
Resampled and Cropped Patient: CHUV-008
Resampled and Cropped Patient: CHUV-009
Resampled and Cropped Patient: CHUV-010
Resampled and Cropped Patient: CHUV-011
Resampled and Cropped Patient: CHUV-012
Resampled and Cropped Patient: CHUV-013
Resampled and Cropped Patient: CHUV-014
Resampled and Cropped Patient: CHUV-015
Resampled and Cropped Patient: CHUV-016
Resampled and Cropped Patient: CHUV-017
Resampled and Cropped Patient: CHUV-018
Resampled and Cropped Patient: CHUV-019
Resampled and Cropped Patient: CHUV-020
Resampled and Cropped Patient: CHUV-021
Resampled and Cropped Patient: CHUV-022
Resampled and Cropped Patient: CHUV-023
Resampled and Cropped Patient: CHUV-024
Resampled and Cropped Patient: CHUV-025
Resampled and Cropped Patient: CHUV-026
Resampled and Cropped Patient: CHUV-027
Resampled and Cropped Patient: CHUV-028
Resampled and Cropped Patient: CHUV-029
Resampled and Cropped Patient: CHUV-030
Resampled and Cropped Patient: CHUV-031
Resampled and Cropped Patient: CHUV-032
Resampled and Cropped Patient: CHUV-033
Resampled and Cropped Patient: CHUV-034
Resampled and Cropped Patient: CHUV-035
Resampled and Cropped Patient: CHUV-036
Resampled and Cropped Patient: CHUV-037
Resampled and Cropped Patient: CHUV-038
Resampled and Cropped Patient: CHUV-039
Resampled and Cropped Patient: CHUV-040
Resampled and Cropped Patient: CHUV-041
Resampled and Cropped Patient: CHUV-042
Resampled and Cropped Patient: CHUV-043
Resampled and Cropped Patient: CHUV-044
Resampled and Cropped Patient: CHUV-045
Resampled and Cropped Patient: CHUV-046
Resampled and Cropped Patient: CHUV-047
Resampled and Cropped Patient: CHUV-048
Resampled and Cropped Patient: CHUV-049
Resampled and Cropped Patient: CHUV-050
Resampled and Cropped Patient: CHUV-051
Resampled and Cropped Patient: CHUV-052
Resampled and Cropped Patient: CHUV-053
Resampled and Cropped Patient: MDA-001
Resampled and Cropped Patient: MDA-003
Resampled and Cropped Patient: MDA-004
Resampled and Cropped Patient: MDA-005
Resampled and Cropped Patient: MDA-006
Resampled and Cropped Patient: MDA-007
Resampled and Cropped Patient: MDA-010
Resampled and Cropped Patient: MDA-011
Resampled and Cropped Patient: MDA-012
Resampled and Cropped Patient: MDA-013
Resampled and Cropped Patient: MDA-014
Resampled and Cropped Patient: MDA-015
Resampled and Cropped Patient: MDA-016
Resampled and Cropped Patient: MDA-017
Resampled and Cropped Patient: MDA-018
Resampled and Cropped Patient: MDA-019
Resampled and Cropped Patient: MDA-020
Resampled and Cropped Patient: MDA-021
Resampled and Cropped Patient: MDA-022
Resampled and Cropped Patient: MDA-023
Resampled and Cropped Patient: MDA-024
Resampled and Cropped Patient: MDA-025
Resampled and Cropped Patient: MDA-026
Resampled and Cropped Patient: MDA-027
Resampled and Cropped Patient: MDA-028
Resampled and Cropped Patient: MDA-029
Resampled and Cropped Patient: MDA-030
Resampled and Cropped Patient: MDA-031
Resampled and Cropped Patient: MDA-032
Resampled and Cropped Patient: MDA-033
Resampled and Cropped Patient: MDA-034
Resampled and Cropped Patient: MDA-035
Resampled and Cropped Patient: MDA-036
Resampled and Cropped Patient: MDA-037
Resampled and Cropped Patient: MDA-038
Resampled and Cropped Patient: MDA-039
Resampled and Cropped Patient: MDA-040
Resampled and Cropped Patient: MDA-041
Resampled and Cropped Patient: MDA-042
Resampled and Cropped Patient: MDA-043
Resampled and Cropped Patient: MDA-044
Resampled and Cropped Patient: MDA-045
Resampled and Cropped Patient: MDA-046
Resampled and Cropped Patient: MDA-047
Resampled and Cropped Patient: MDA-048
Resampled and Cropped Patient: MDA-049
Resampled and Cropped Patient: MDA-050
Resampled and Cropped Patient: MDA-051
Resampled and Cropped Patient: MDA-052
Resampled and Cropped Patient: MDA-053
Resampled and Cropped Patient: MDA-054
Resampled and Cropped Patient: MDA-055
Resampled and Cropped Patient: MDA-056
Resampled and Cropped Patient: MDA-057
Resampled and Cropped Patient: MDA-058
Resampled and Cropped Patient: MDA-059
Resampled and Cropped Patient: MDA-060
Resampled and Cropped Patient: MDA-061
Resampled and Cropped Patient: MDA-062
Resampled and Cropped Patient: MDA-063
Resampled and Cropped Patient: MDA-064
Resampled and Cropped Patient: MDA-065
Resampled and Cropped Patient: MDA-066
Resampled and Cropped Patient: MDA-067
Resampled and Cropped Patient: MDA-068
Resampled and Cropped Patient: MDA-069
Resampled and Cropped Patient: MDA-070
Resampled and Cropped Patient: MDA-071
Resampled and Cropped Patient: MDA-072
Resampled and Cropped Patient: MDA-073
Resampled and Cropped Patient: MDA-074
Resampled and Cropped Patient: MDA-075
Resampled and Cropped Patient: MDA-076
Resampled and Cropped Patient: MDA-077
Resampled and Cropped Patient: MDA-078
Resampled and Cropped Patient: MDA-079
Resampled and Cropped Patient: MDA-080
Resampled and Cropped Patient: MDA-081
Resampled and Cropped Patient: MDA-082
Resampled and Cropped Patient: MDA-083
Resampled and Cropped Patient: MDA-084
Resampled and Cropped Patient: MDA-085
Resampled and Cropped Patient: MDA-086
Resampled and Cropped Patient: MDA-087
Resampled and Cropped Patient: MDA-088
Resampled and Cropped Patient: MDA-089
Resampled and Cropped Patient: MDA-090
Resampled and Cropped Patient: MDA-091
Resampled and Cropped Patient: MDA-092
Resampled and Cropped Patient: MDA-093
Resampled and Cropped Patient: MDA-094
Resampled and Cropped Patient: MDA-095
Resampled and Cropped Patient: MDA-096
Resampled and Cropped Patient: MDA-097
Resampled and Cropped Patient: MDA-098
Resampled and Cropped Patient: MDA-099
Resampled and Cropped Patient: MDA-100
Resampled and Cropped Patient: MDA-101
Resampled and Cropped Patient: MDA-102
Resampled and Cropped Patient: MDA-103
Resampled and Cropped Patient: MDA-104
Resampled and Cropped Patient: MDA-105
Resampled and Cropped Patient: MDA-106
Resampled and Cropped Patient: MDA-107
Resampled and Cropped Patient: MDA-108
Resampled and Cropped Patient: MDA-109
Resampled and Cropped Patient: MDA-110
Resampled and Cropped Patient: MDA-111
Resampled and Cropped Patient: MDA-112
Resampled and Cropped Patient: MDA-113
Resampled and Cropped Patient: MDA-114
Resampled and Cropped Patient: MDA-115
Resampled and Cropped Patient: MDA-116
Resampled and Cropped Patient: MDA-117
Resampled and Cropped Patient: MDA-118
Resampled and Cropped Patient: MDA-119
Resampled and Cropped Patient: MDA-120
Resampled and Cropped Patient: MDA-121
Resampled and Cropped Patient: MDA-122
Resampled and Cropped Patient: MDA-123
Resampled and Cropped Patient: MDA-124
Resampled and Cropped Patient: MDA-125
Resampled and Cropped Patient: MDA-126
Resampled and Cropped Patient: MDA-127
Resampled and Cropped Patient: MDA-128
Resampled and Cropped Patient: MDA-129
Resampled and Cropped Patient: MDA-130
Resampled and Cropped Patient: MDA-131
Resampled and Cropped Patient: MDA-132
Resampled and Cropped Patient: MDA-133
Resampled and Cropped Patient: MDA-134
Resampled and Cropped Patient: MDA-135
Resampled and Cropped Patient: MDA-136
Resampled and Cropped Patient: MDA-137
Resampled and Cropped Patient: MDA-138
Resampled and Cropped Patient: MDA-139
Resampled and Cropped Patient: MDA-140
Resampled and Cropped Patient: MDA-141
Resampled and Cropped Patient: MDA-142
Resampled and Cropped Patient: MDA-143
Resampled and Cropped Patient: MDA-144
Resampled and Cropped Patient: MDA-145
Resampled and Cropped Patient: MDA-146
Resampled and Cropped Patient: MDA-147
Resampled and Cropped Patient: MDA-148
Resampled and Cropped Patient: MDA-149
Resampled and Cropped Patient: MDA-150
Resampled and Cropped Patient: MDA-151
Resampled and Cropped Patient: MDA-152
Resampled and Cropped Patient: MDA-153
Resampled and Cropped Patient: MDA-154
Resampled and Cropped Patient: MDA-155
Resampled and Cropped Patient: MDA-156
Resampled and Cropped Patient: MDA-157
Resampled and Cropped Patient: MDA-158
Resampled and Cropped Patient: MDA-159
Resampled and Cropped Patient: MDA-160
Resampled and Cropped Patient: MDA-161
Resampled and Cropped Patient: MDA-162
Resampled and Cropped Patient: MDA-163
Resampled and Cropped Patient: MDA-164
Resampled and Cropped Patient: MDA-165
Resampled and Cropped Patient: MDA-166
Resampled and Cropped Patient: MDA-167
Resampled and Cropped Patient: MDA-168
Resampled and Cropped Patient: MDA-169
Resampled and Cropped Patient: MDA-170
Resampled and Cropped Patient: MDA-171
Resampled and Cropped Patient: MDA-172
Resampled and Cropped Patient: MDA-173
Resampled and Cropped Patient: MDA-174
Resampled and Cropped Patient: MDA-175
Resampled and Cropped Patient: MDA-176
Resampled and Cropped Patient: MDA-177
Resampled and Cropped Patient: MDA-178
Resampled and Cropped Patient: MDA-179
Resampled and Cropped Patient: MDA-180
Resampled and Cropped Patient: MDA-181
Resampled and Cropped Patient: MDA-182
Resampled and Cropped Patient: MDA-183
Resampled and Cropped Patient: MDA-184
Resampled and Cropped Patient: MDA-185
Resampled and Cropped Patient: MDA-186
Resampled and Cropped Patient: MDA-187
Resampled and Cropped Patient: MDA-188
Resampled and Cropped Patient: MDA-189
Resampled and Cropped Patient: MDA-190
Resampled and Cropped Patient: MDA-191
Resampled and Cropped Patient: MDA-192
Resampled and Cropped Patient: MDA-193
Resampled and Cropped Patient: MDA-194
Resampled and Cropped Patient: MDA-195
Resampled and Cropped Patient: MDA-196
Resampled and Cropped Patient: MDA-197
Resampled and Cropped Patient: MDA-198
Resampled and Cropped Patient: MDA-199
Resampled and Cropped Patient: MDA-200
Resampled and Cropped Patient: MDA-201
Resampled and Cropped Patient: HGJ-007
Resampled and Cropped Patient: HGJ-008
Resampled and Cropped Patient: HGJ-010
Resampled and Cropped Patient: HGJ-013
Resampled and Cropped Patient: HGJ-015
Resampled and Cropped Patient: HGJ-016
Resampled and Cropped Patient: HGJ-017
Resampled and Cropped Patient: HGJ-018
Resampled and Cropped Patient: HGJ-025
Resampled and Cropped Patient: HGJ-026
Resampled and Cropped Patient: HGJ-028
Resampled and Cropped Patient: HGJ-029
Resampled and Cropped Patient: HGJ-030
Resampled and Cropped Patient: HGJ-031
Resampled and Cropped Patient: HGJ-032
Resampled and Cropped Patient: HGJ-034
Resampled and Cropped Patient: HGJ-035
Resampled and Cropped Patient: HGJ-036
Resampled and Cropped Patient: HGJ-037
Resampled and Cropped Patient: HGJ-038
Resampled and Cropped Patient: HGJ-039
Resampled and Cropped Patient: HGJ-043
Resampled and Cropped Patient: HGJ-046
Resampled and Cropped Patient: HGJ-048
Resampled and Cropped Patient: HGJ-050
Resampled and Cropped Patient: HGJ-052
Resampled and Cropped Patient: HGJ-053
Resampled and Cropped Patient: HGJ-055
Resampled and Cropped Patient: HGJ-057
Resampled and Cropped Patient: HGJ-058
Resampled and Cropped Patient: HGJ-062
Resampled and Cropped Patient: HGJ-065
Resampled and Cropped Patient: HGJ-066
Resampled and Cropped Patient: HGJ-067
Resampled and Cropped Patient: HGJ-069
Resampled and Cropped Patient: HGJ-070
Resampled and Cropped Patient: HGJ-071
Resampled and Cropped Patient: HGJ-072
Resampled and Cropped Patient: HGJ-073
Resampled and Cropped Patient: HGJ-074
Resampled and Cropped Patient: HGJ-076
Resampled and Cropped Patient: HGJ-077
Resampled and Cropped Patient: HGJ-078
Resampled and Cropped Patient: HGJ-080
Resampled and Cropped Patient: HGJ-081
Resampled and Cropped Patient: HGJ-082
Resampled and Cropped Patient: HGJ-083
Resampled and Cropped Patient: HGJ-085
Resampled and Cropped Patient: HGJ-086
Resampled and Cropped Patient: HGJ-087
Resampled and Cropped Patient: HGJ-088
Resampled and Cropped Patient: HGJ-089
Resampled and Cropped Patient: HGJ-090
Resampled and Cropped Patient: HGJ-091
Resampled and Cropped Patient: HGJ-092
Resampled and Cropped Patient: HMR-001
Resampled and Cropped Patient: HMR-004
Resampled and Cropped Patient: HMR-005
Resampled and Cropped Patient: HMR-011
Resampled and Cropped Patient: HMR-012
Resampled and Cropped Patient: HMR-013
Resampled and Cropped Patient: HMR-014
Resampled and Cropped Patient: HMR-016
Resampled and Cropped Patient: HMR-020
Resampled and Cropped Patient: HMR-021
Resampled and Cropped Patient: HMR-023
Resampled and Cropped Patient: HMR-024
Resampled and Cropped Patient: HMR-025
Resampled and Cropped Patient: HMR-028
Resampled and Cropped Patient: HMR-029
Resampled and Cropped Patient: HMR-030
Resampled and Cropped Patient: HMR-034
Resampled and Cropped Patient: HMR-040
